19:18:33.845 INFO - Selenium build info: version: '3.4.0', revision: 'unknown'
19:18:33.845 INFO - Launching a standalone Selenium Server
2017-06-14 19:18:33.861:INFO::main: Logging initialized @179ms to org.seleniumhq.jetty9.util.log.StdErrLog
19:18:33.908 INFO - Driver class not found: com.opera.core.systems.OperaDriver
19:18:33.908 INFO - Driver provider com.opera.core.systems.OperaDriver registration is skipped:
Unable to create new instances on this machine.
19:18:33.908 INFO - Driver class not found: com.opera.core.systems.OperaDriver
19:18:33.908 INFO - Driver provider com.opera.core.systems.OperaDriver is not registered
19:18:33.908 INFO - Driver provider org.openqa.selenium.safari.SafariDriver registration is skipped:
 registration capabilities Capabilities [{browserName=safari, version=, platform=MAC}] does not match the current platform WIN10
2017-06-14 19:18:33.939:INFO:osjs.Server:main: jetty-9.4.3.v20170317
2017-06-14 19:18:33.954:INFO:osjsh.ContextHandler:main: Started o.s.j.s.ServletContextHandler@18355a8{/,null,AVAILABLE}
2017-06-14 19:18:34.017:INFO:osjs.AbstractConnector:main: Started ServerConnector@a7254a{HTTP/1.1,[http/1.1]}{0.0.0.0:4444}
2017-06-14 19:18:34.017:INFO:osjs.Server:main: Started @338ms
19:18:34.017 INFO - Selenium Server is up and running
19:18:34.462 INFO - SessionCleaner initialized with insideBrowserTimeout 0 and clientGoneTimeout 1800000 polling every 180000
19:18:34.478 INFO - Executing: [new session: Capabilities [{acceptSslCerts=true, marionette=true, name=User Left, browserName=chrome, javascriptEnabled=true, platform=ANY}]])
19:18:34.478 INFO - Executing: [new session: Capabilities [{acceptSslCerts=true, marionette=true, name=User Middle, browserName=chrome, javascriptEnabled=true, platform=ANY}]])
19:18:34.478 INFO - Executing: [new session: Capabilities [{acceptSslCerts=true, marionette=true, name=User Right, browserName=chrome, javascriptEnabled=true, platform=ANY}]])
19:18:34.494 INFO - Creating a new session for Capabilities [{acceptSslCerts=true, marionette=true, name=User Middle, browserName=chrome, javascriptEnabled=true, platform=ANY}]
19:18:34.494 INFO - Creating a new session for Capabilities [{acceptSslCerts=true, marionette=true, name=User Left, browserName=chrome, javascriptEnabled=true, platform=ANY}]
19:18:34.494 INFO - Creating a new session for Capabilities [{acceptSslCerts=true, marionette=true, name=User Right, browserName=chrome, javascriptEnabled=true, platform=ANY}]
Starting ChromeDriver 2.30.477700 (0057494ad8732195794a7b32078424f92a5fce41) on port 21625
Only local connections are allowed.
Starting ChromeDriver 2.30.477700 (0057494ad8732195794a7b32078424f92a5fce41) on port 10879
Only local connections are allowed.
Starting ChromeDriver 2.30.477700 (0057494ad8732195794a7b32078424f92a5fce41) on port 18822
Only local connections are allowed.
19:18:36.920 INFO - Detected dialect: OSS
19:18:36.920 INFO - Done: [new session: Capabilities [{acceptSslCerts=true, marionette=true, name=User Left, browserName=chrome, javascriptEnabled=true, platform=ANY}]]
19:18:36.936 INFO - Executing: [get: http://localhost:9000/#/sailsApp/])
19:18:36.974 INFO - Detected dialect: OSS
19:18:36.975 INFO - Done: [new session: Capabilities [{acceptSslCerts=true, marionette=true, name=User Middle, browserName=chrome, javascriptEnabled=true, platform=ANY}]]
19:18:36.988 INFO - Executing: [get: http://localhost:9000/#/sailsApp/])
19:18:37.045 INFO - Detected dialect: OSS
19:18:37.048 INFO - Done: [new session: Capabilities [{acceptSslCerts=true, marionette=true, name=User Right, browserName=chrome, javascriptEnabled=true, platform=ANY}]]
19:18:37.074 INFO - Executing: [get: http://localhost:9000/#/sailsApp/])
19:18:38.001 INFO - Done: [get: http://localhost:9000/#/sailsApp/]
19:18:38.031 INFO - Done: [get: http://localhost:9000/#/sailsApp/]
19:18:38.032 INFO - Executing: [set window position])
19:18:38.045 INFO - Executing: [set window position])
19:18:38.059 INFO - Done: [get: http://localhost:9000/#/sailsApp/]
19:18:38.065 INFO - Executing: [set window position])
19:18:39.211 INFO - Done: [set window position]
19:18:39.211 INFO - Done: [set window position]
19:18:39.211 INFO - Executing: [set window size])
19:18:39.211 INFO - Executing: [set window size])
19:18:39.248 INFO - Done: [set window size]
19:18:39.258 INFO - Done: [set window size]
19:18:39.260 INFO - Executing: [find elements: By.cssSelector: #userName])
19:18:39.263 INFO - Executing: [find elements: By.cssSelector: #userName])
19:18:39.266 INFO - Done: [set window position]
19:18:39.274 INFO - Executing: [set window size])
19:18:39.324 INFO - Done: [set window size]
19:18:39.328 INFO - Executing: [find elements: By.cssSelector: #userName])
19:18:39.332 INFO - Done: [find elements: By.cssSelector: #userName]
19:18:39.340 INFO - Executing: [is displayed: 0 [[ChromeDriver: chrome on XP (08a66a7d7f672a86f7257ae28bef28a6)] -> css selector: #userName]])
19:18:39.345 INFO - Done: [find elements: By.cssSelector: #userName]
19:18:39.349 INFO - Executing: [is displayed: 0 [[ChromeDriver: chrome on XP (3d0059a1260366bbbd8e0cca8e3502f9)] -> css selector: #userName]])
19:18:39.366 INFO - Done: [is displayed: 0 [[ChromeDriver: chrome on XP (08a66a7d7f672a86f7257ae28bef28a6)] -> css selector: #userName]]
19:18:39.366 INFO - Done: [find elements: By.cssSelector: #userName]
19:18:39.366 INFO - Executing: [is displayed: 0 [[ChromeDriver: chrome on XP (f542a7307381523bbc8c62687f952943)] -> css selector: #userName]])
19:18:39.366 INFO - Executing: [find element: By.cssSelector: #userName])
19:18:39.366 INFO - Done: [is displayed: 0 [[ChromeDriver: chrome on XP (3d0059a1260366bbbd8e0cca8e3502f9)] -> css selector: #userName]]
19:18:39.366 INFO - Executing: [find element: By.cssSelector: #userName])
19:18:39.382 INFO - Done: [find element: By.cssSelector: #userName]
19:18:39.382 INFO - Done: [is displayed: 0 [[ChromeDriver: chrome on XP (f542a7307381523bbc8c62687f952943)] -> css selector: #userName]]
19:18:39.382 INFO - Executing: [send keys: 0 [[ChromeDriver: chrome on XP (08a66a7d7f672a86f7257ae28bef28a6)] -> css selector: #userName], [m, i, d, d, l, e]])
19:18:39.382 INFO - Executing: [find element: By.cssSelector: #userName])
19:18:39.397 INFO - Done: [find element: By.cssSelector: #userName]
19:18:39.397 INFO - Executing: [send keys: 0 [[ChromeDriver: chrome on XP (3d0059a1260366bbbd8e0cca8e3502f9)] -> css selector: #userName], [l, e, f, t]])
19:18:39.413 INFO - Done: [find element: By.cssSelector: #userName]
19:18:39.413 INFO - Executing: [send keys: 0 [[ChromeDriver: chrome on XP (f542a7307381523bbc8c62687f952943)] -> css selector: #userName], [R, i, g, h, t]])
19:18:39.460 INFO - Done: [send keys: 0 [[ChromeDriver: chrome on XP (08a66a7d7f672a86f7257ae28bef28a6)] -> css selector: #userName], [m, i, d, d, l, e]]
19:18:39.464 INFO - Executing: [find element: By.cssSelector: #login])
19:18:39.482 INFO - Done: [send keys: 0 [[ChromeDriver: chrome on XP (3d0059a1260366bbbd8e0cca8e3502f9)] -> css selector: #userName], [l, e, f, t]]
19:18:39.487 INFO - Executing: [find element: By.cssSelector: #login])
19:18:39.492 INFO - Done: [find element: By.cssSelector: #login]
19:18:39.496 INFO - Executing: [click: 1 [[ChromeDriver: chrome on XP (08a66a7d7f672a86f7257ae28bef28a6)] -> css selector: #login]])
19:18:39.500 INFO - Done: [send keys: 0 [[ChromeDriver: chrome on XP (f542a7307381523bbc8c62687f952943)] -> css selector: #userName], [R, i, g, h, t]]
19:18:39.504 INFO - Executing: [find element: By.cssSelector: #login])
19:18:39.509 INFO - Done: [find element: By.cssSelector: #login]
19:18:39.512 INFO - Executing: [click: 1 [[ChromeDriver: chrome on XP (3d0059a1260366bbbd8e0cca8e3502f9)] -> css selector: #login]])
19:18:39.523 INFO - Done: [find element: By.cssSelector: #login]
19:18:39.526 INFO - Executing: [click: 1 [[ChromeDriver: chrome on XP (f542a7307381523bbc8c62687f952943)] -> css selector: #login]])
19:18:39.557 INFO - Done: [click: 1 [[ChromeDriver: chrome on XP (08a66a7d7f672a86f7257ae28bef28a6)] -> css selector: #login]]
19:18:39.575 INFO - Done: [click: 1 [[ChromeDriver: chrome on XP (3d0059a1260366bbbd8e0cca8e3502f9)] -> css selector: #login]]
19:18:39.588 INFO - Done: [click: 1 [[ChromeDriver: chrome on XP (f542a7307381523bbc8c62687f952943)] -> css selector: #login]]
19:18:44.564 INFO - Executing: [execute script: null, []])
19:18:44.580 INFO - Executing: [execute script: null, []])
19:18:44.596 INFO - Executing: [execute script: null, []])
19:18:44.988 WARN - Exception thrown
java.lang.NullPointerException
	at org.openqa.selenium.remote.RemoteWebDriver.executeScript(RemoteWebDriver.java:564)
	at sun.reflect.NativeMethodAccessorImpl.invoke0(Native Method)
	at sun.reflect.NativeMethodAccessorImpl.invoke(Unknown Source)
	at sun.reflect.DelegatingMethodAccessorImpl.invoke(Unknown Source)
	at java.lang.reflect.Method.invoke(Unknown Source)
	at org.openqa.selenium.support.events.EventFiringWebDriver$2.invoke(EventFiringWebDriver.java:104)
	at com.sun.proxy.$Proxy4.executeScript(Unknown Source)
	at org.openqa.selenium.support.events.EventFiringWebDriver.executeScript(EventFiringWebDriver.java:217)
	at org.openqa.selenium.remote.server.handler.ExecuteScript.call(ExecuteScript.java:56)
	at java.util.concurrent.FutureTask.run(Unknown Source)
	at org.openqa.selenium.remote.server.DefaultSession$1.run(DefaultSession.java:176)
	at java.util.concurrent.ThreadPoolExecutor.runWorker(Unknown Source)
	at java.util.concurrent.ThreadPoolExecutor$Worker.run(Unknown Source)
	at java.lang.Thread.run(Unknown Source)
19:18:44.988 WARN - Exception: null
19:18:45.004 WARN - Exception thrown
java.lang.NullPointerException
	at org.openqa.selenium.remote.RemoteWebDriver.executeScript(RemoteWebDriver.java:564)
	at sun.reflect.NativeMethodAccessorImpl.invoke0(Native Method)
	at sun.reflect.NativeMethodAccessorImpl.invoke(Unknown Source)
	at sun.reflect.DelegatingMethodAccessorImpl.invoke(Unknown Source)
	at java.lang.reflect.Method.invoke(Unknown Source)
	at org.openqa.selenium.support.events.EventFiringWebDriver$2.invoke(EventFiringWebDriver.java:104)
	at com.sun.proxy.$Proxy4.executeScript(Unknown Source)
	at org.openqa.selenium.support.events.EventFiringWebDriver.executeScript(EventFiringWebDriver.java:217)
	at org.openqa.selenium.remote.server.handler.ExecuteScript.call(ExecuteScript.java:56)
	at java.util.concurrent.FutureTask.run(Unknown Source)
	at org.openqa.selenium.remote.server.DefaultSession$1.run(DefaultSession.java:176)
	at java.util.concurrent.ThreadPoolExecutor.runWorker(Unknown Source)
	at java.util.concurrent.ThreadPoolExecutor$Worker.run(Unknown Source)
	at java.lang.Thread.run(Unknown Source)
19:18:45.004 WARN - Exception: null
19:18:45.004 WARN - Exception thrown
java.lang.NullPointerException
	at org.openqa.selenium.remote.RemoteWebDriver.executeScript(RemoteWebDriver.java:564)
	at sun.reflect.NativeMethodAccessorImpl.invoke0(Native Method)
	at sun.reflect.NativeMethodAccessorImpl.invoke(Unknown Source)
	at sun.reflect.DelegatingMethodAccessorImpl.invoke(Unknown Source)
	at java.lang.reflect.Method.invoke(Unknown Source)
	at org.openqa.selenium.support.events.EventFiringWebDriver$2.invoke(EventFiringWebDriver.java:104)
	at com.sun.proxy.$Proxy4.executeScript(Unknown Source)
	at org.openqa.selenium.support.events.EventFiringWebDriver.executeScript(EventFiringWebDriver.java:217)
	at org.openqa.selenium.remote.server.handler.ExecuteScript.call(ExecuteScript.java:56)
	at java.util.concurrent.FutureTask.run(Unknown Source)
	at org.openqa.selenium.remote.server.DefaultSession$1.run(DefaultSession.java:176)
	at java.util.concurrent.ThreadPoolExecutor.runWorker(Unknown Source)
	at java.util.concurrent.ThreadPoolExecutor$Worker.run(Unknown Source)
	at java.lang.Thread.run(Unknown Source)
19:18:45.004 WARN - Exception: null
19:18:45.035 INFO - Executing: [delete session: 35a687de-9180-4355-a05d-a73f4a5a0bc2])
19:18:45.035 INFO - Executing: [delete session: 61997bc0-6c66-4ac6-95c5-f0f4e83374c9])
19:18:45.035 INFO - Executing: [delete session: a83cff4f-8f61-4f98-abcc-8d12e71c687a])
19:18:46.061 INFO - Done: [delete session: a83cff4f-8f61-4f98-abcc-8d12e71c687a]
19:18:46.061 INFO - Done: [delete session: 35a687de-9180-4355-a05d-a73f4a5a0bc2]
19:18:46.062 INFO - Done: [delete session: 61997bc0-6c66-4ac6-95c5-f0f4e83374c9]
